Building DAG of jobs...
Using shell: /usr/bin/bash
Provided cores: 4
Rules claiming more threads will be scaled down.
Conda environments: ignored
Job stats:
job                        count
-----------------------  -------
all                            1
apply_warp_flair_to_t1w        2
apply_warp_to_mni              2
calculate_metrics              2
dwi_apply_topup                1
dwi_bias_correction            1
dwi_compute_fa_md              1
dwi_fa_md_registration         1
dwi_motion_correction          1
dwi_registration               1
dwi_skull_strip                1
dwi_topup                      1
registration_mni152            1
registration_t1w               1
run_texture                    2
synthseg_dwi                   1
synthseg_flair                 1
synthseg_t1w                   1
total                         22

Select jobs to execute...

[Tue Mar  4 14:56:21 2025]
rule dwi_motion_correction:
    input: outputs/sub-HC131/ses-01/dwi/denoised_moving.nii.gz, /home/ian/GitHub/data/sub-HC131/ses-01/dwi/sub-HC131_ses-01_acq-b700-41_dir-AP_dwi.bval, /home/ian/GitHub/data/sub-HC131/ses-01/dwi/sub-HC131_ses-01_acq-b700-41_dir-AP_dwi.bvec
    output: outputs/sub-HC131/ses-01/dwi/moving_motion_corrected.nii.gz
    jobid: 20
    reason: Missing output files: outputs/sub-HC131/ses-01/dwi/moving_motion_corrected.nii.gz
    resources: tmpdir=/tmp

[Tue Mar  4 14:57:55 2025]
Finished job 20.
1 of 22 steps (5%) done
Select jobs to execute...

[Tue Mar  4 14:57:55 2025]
rule dwi_topup:
    input: outputs/sub-HC131/ses-01/dwi/moving_motion_corrected.nii.gz, /home/ian/GitHub/data/sub-HC131/ses-01/dwi/sub-HC131_ses-01_dir-PA_dwi.nii.gz, /home/ian/GitHub/data/sub-HC131/ses-01/dwi/sub-HC131_ses-01_dir-PA_dwi.bval, /home/ian/GitHub/data/sub-HC131/ses-01/dwi/sub-HC131_ses-01_dir-PA_dwi.bvec
    output: outputs/sub-HC131/ses-01/xfm/topup-warp-EstFieldMap.nii.gz, outputs/sub-HC131/ses-01/xfm/corrected_image.nii.gz
    jobid: 22
    reason: Missing output files: outputs/sub-HC131/ses-01/xfm/corrected_image.nii.gz, outputs/sub-HC131/ses-01/xfm/topup-warp-EstFieldMap.nii.gz; Input files updated by another job: outputs/sub-HC131/ses-01/dwi/moving_motion_corrected.nii.gz
    resources: tmpdir=/tmp

Waiting at most 5 seconds for missing files.
MissingOutputException in rule dwi_topup in file /home/ian/GitHub/micaflow2.0/Snakefile, line 252:
Job 22  completed successfully, but some output files are missing. Missing files after 5 seconds. This might be due to filesystem latency. If that is the case, consider to increase the wait time with --latency-wait:
outputs/sub-HC131/ses-01/xfm/topup-warp-EstFieldMap.nii.gz
Removing output files of failed job dwi_topup since they might be corrupted:
outputs/sub-HC131/ses-01/xfm/corrected_image.nii.gz
Shutting down, this might take some time.
Exiting because a job execution failed. Look above for error message
Complete log: .snakemake/log/2025-03-04T145621.766660.snakemake.log
