Building DAG of jobs...
Using shell: /usr/bin/bash
Provided cores: 24
Rules claiming more threads will be scaled down.
Conda environments: ignored
Job stats:
job                        count
-----------------------  -------
all                            1
apply_warp_flair_to_t1w        2
apply_warp_to_mni              2
calculate_metrics              2
dwi_bias_correction            1
dwi_compute_fa_md              1
dwi_fa_md_registration         1
dwi_registration               1
dwi_skull_strip                1
registration_mni152            1
registration_t1w               1
run_texture                    2
synthseg_dwi                   1
synthseg_flair                 1
total                         18

Select jobs to execute...

[Tue Mar  4 16:10:37 2025]
rule dwi_skull_strip:
    input: outputs/sub-HC131/ses-01/xfm/corrected_image.nii.gz
    output: outputs/sub-HC131/ses-01/anat/DWI_hdbet.nii.gz, outputs/sub-HC131/ses-01/anat/DWI_hdbet_bet.nii.gz
    jobid: 23
    reason: Missing output files: outputs/sub-HC131/ses-01/anat/DWI_hdbet_bet.nii.gz
    resources: tmpdir=/tmp


[Tue Mar  4 16:10:37 2025]
rule synthseg_flair:
    input: /home/ian/GitHub/data/sub-HC131/ses-01/anat/sub-HC131_ses-01_FLAIR.nii.gz, outputs/sub-HC131/ses-01/xfm/T1w_parcellation.nii.gz
    output: outputs/sub-HC131/ses-01/xfm/FLAIR_parcellation.nii.gz
    jobid: 13
    reason: Missing output files: outputs/sub-HC131/ses-01/xfm/FLAIR_parcellation.nii.gz
    threads: 4
    resources: tmpdir=/tmp


[Tue Mar  4 16:10:37 2025]
rule registration_mni152:
    input: outputs/sub-HC131/ses-01/xfm/T1w_parcellation.nii.gz, atlas/mni_icbm152_t1_tal_nlin_sym_09a_seg.nii
    output: outputs/sub-HC131/ses-01/xfm/sub-HC131_ses-01_T1w_space-MNI152.nii.gz, outputs/sub-HC131/ses-01/xfm/sub-HC131_ses-01_from-T1w_to-MNI152_fwdfield.nii.gz, outputs/sub-HC131/ses-01/xfm/sub-HC131_ses-01_from-T1w_to-MNI152_bakfield.nii.gz, outputs/sub-HC131/ses-01/xfm/sub-HC131_ses-01_from-T1w_to-MNI152_fwdaffine.mat, outputs/sub-HC131/ses-01/xfm/sub-HC131_ses-01_from-T1w_to-MNI152_bakaffine.mat
    jobid: 5
    reason: Missing output files: outputs/sub-HC131/ses-01/xfm/sub-HC131_ses-01_from-T1w_to-MNI152_fwdaffine.mat, outputs/sub-HC131/ses-01/xfm/sub-HC131_ses-01_from-T1w_to-MNI152_fwdfield.nii.gz
    resources: tmpdir=/tmp

Waiting at most 5 seconds for missing files.
MissingOutputException in rule dwi_skull_strip in file /home/ian/GitHub/micaflow2.0/Snakefile, line 290:
Job 23  completed successfully, but some output files are missing. Missing files after 5 seconds. This might be due to filesystem latency. If that is the case, consider to increase the wait time with --latency-wait:
outputs/sub-HC131/ses-01/anat/DWI_hdbet.nii.gz
outputs/sub-HC131/ses-01/anat/DWI_hdbet_bet.nii.gz
[Tue Mar  4 16:10:56 2025]
Finished job 5.
1 of 18 steps (6%) done
[Tue Mar  4 16:11:15 2025]
Finished job 13.
2 of 18 steps (11%) done
Shutting down, this might take some time.
Exiting because a job execution failed. Look above for error message
Complete log: .snakemake/log/2025-03-04T161037.189541.snakemake.log
