Building DAG of jobs...
Using shell: /usr/bin/bash
Provided cores: 4
Rules claiming more threads will be scaled down.
Conda environments: ignored
Job stats:
job                        count
-----------------------  -------
all                            1
apply_warp_flair_to_t1w        2
apply_warp_to_mni              2
calculate_metrics              2
dwi_apply_topup                1
dwi_bias_correction            1
dwi_compute_fa_md              1
dwi_denoise                    1
dwi_fa_md_registration         1
dwi_motion_correction          1
dwi_registration               1
dwi_skull_strip                1
dwi_topup                      1
registration_mni152            1
registration_t1w               1
run_texture                    2
synthseg_dwi                   1
synthseg_flair                 1
synthseg_t1w                   1
total                         23

Select jobs to execute...

[Tue Mar  4 14:51:38 2025]
rule dwi_denoise:
    input: /home/ian/GitHub/data/sub-HC131/ses-01/dwi/sub-HC131_ses-01_acq-b700-41_dir-AP_dwi.nii.gz, /home/ian/GitHub/data/sub-HC131/ses-01/dwi/sub-HC131_ses-01_acq-b700-41_dir-AP_dwi.bval, /home/ian/GitHub/data/sub-HC131/ses-01/dwi/sub-HC131_ses-01_acq-b700-41_dir-AP_dwi.bvec
    output: outputs/sub-HC131/ses-01/dwi/denoised_moving.nii.gz
    jobid: 21
    reason: Missing output files: outputs/sub-HC131/ses-01/dwi/denoised_moving.nii.gz
    resources: tmpdir=/tmp

[Tue Mar  4 14:51:38 2025]
Error in rule dwi_denoise:
    jobid: 21
    input: /home/ian/GitHub/data/sub-HC131/ses-01/dwi/sub-HC131_ses-01_acq-b700-41_dir-AP_dwi.nii.gz, /home/ian/GitHub/data/sub-HC131/ses-01/dwi/sub-HC131_ses-01_acq-b700-41_dir-AP_dwi.bval, /home/ian/GitHub/data/sub-HC131/ses-01/dwi/sub-HC131_ses-01_acq-b700-41_dir-AP_dwi.bvec
    output: outputs/sub-HC131/ses-01/dwi/denoised_moving.nii.gz
    conda-env: /home/ian/GitHub/micaflow2.0/.snakemake/conda/349fd313c69886c6d99e5ce9c37a90c0_
    shell:
        
            python3 scripts/dwi_denoise.py                 --moving /home/ian/GitHub/data/sub-HC131/ses-01/dwi/sub-HC131_ses-01_acq-b700-41_dir-AP_dwi.nii.gz                 --bval /home/ian/GitHub/data/sub-HC131/ses-01/dwi/sub-HC131_ses-01_acq-b700-41_dir-AP_dwi.bval                 --bvec /home/ian/GitHub/data/sub-HC131/ses-01/dwi/sub-HC131_ses-01_acq-b700-41_dir-AP_dwi.bvec                 --output outputs/sub-HC131/ses-01/dwi/denoised_moving.nii.gz
            
        (one of the commands exited with non-zero exit code; note that snakemake uses bash strict mode!)

Shutting down, this might take some time.
Exiting because a job execution failed. Look above for error message
Complete log: .snakemake/log/2025-03-04T145138.153202.snakemake.log
