Building DAG of jobs...
Using shell: /usr/bin/bash
Provided cores: 24
Rules claiming more threads will be scaled down.
Conda environments: ignored
Job stats:
job                        count
-----------------------  -------
all                            1
apply_warp_flair_to_t1w        2
apply_warp_to_mni              2
bias_field_correction          2
calculate_metrics              2
dwi_apply_topup                1
dwi_bias_correction            1
dwi_compute_fa_md              1
dwi_denoise                    1
dwi_fa_md_registration         1
dwi_motion_correction          1
dwi_registration               1
dwi_skull_strip                1
dwi_topup                      1
registration_mni152            1
registration_t1w               1
run_texture                    2
skull_strip                    2
synthseg_dwi                   1
synthseg_flair                 1
synthseg_t1w                   1
total                         27

Select jobs to execute...

[Tue Mar  4 16:45:30 2025]
rule skull_strip:
    input: /home/ian/GitHub/data/sub-HC131/ses-01/anat/sub-HC131_ses-01_FLAIR.nii.gz
    output: outputs/sub-HC131/ses-01/anat/FLAIR_hdbet.nii.gz, outputs/sub-HC131/ses-01/anat/FLAIR_hdbet_bet.nii.gz
    jobid: 11
    reason: Missing output files: outputs/sub-HC131/ses-01/anat/FLAIR_hdbet_bet.nii.gz, outputs/sub-HC131/ses-01/anat/FLAIR_hdbet.nii.gz
    wildcards: modality=FLAIR
    resources: tmpdir=/tmp, skull_strip_jobs=1


[Tue Mar  4 16:45:30 2025]
rule skull_strip:
    input: /home/ian/GitHub/data/sub-HC131/ses-01/anat/sub-HC131_ses-01_run-1_T1w.nii.gz
    output: outputs/sub-HC131/ses-01/anat/T1w_hdbet.nii.gz, outputs/sub-HC131/ses-01/anat/T1w_hdbet_bet.nii.gz
    jobid: 4
    reason: Missing output files: outputs/sub-HC131/ses-01/anat/T1w_hdbet.nii.gz, outputs/sub-HC131/ses-01/anat/T1w_hdbet_bet.nii.gz
    wildcards: modality=T1w
    resources: tmpdir=/tmp, skull_strip_jobs=1


[Tue Mar  4 16:45:30 2025]
rule dwi_denoise:
    input: /home/ian/GitHub/data/sub-HC131/ses-01/dwi/sub-HC131_ses-01_acq-b700-41_dir-AP_dwi.nii.gz, /home/ian/GitHub/data/sub-HC131/ses-01/dwi/sub-HC131_ses-01_acq-b700-41_dir-AP_dwi.bval, /home/ian/GitHub/data/sub-HC131/ses-01/dwi/sub-HC131_ses-01_acq-b700-41_dir-AP_dwi.bvec
    output: outputs/sub-HC131/ses-01/dwi/denoised_moving.nii.gz
    jobid: 21
    reason: Missing output files: outputs/sub-HC131/ses-01/dwi/denoised_moving.nii.gz
    resources: tmpdir=/tmp


[Tue Mar  4 16:45:30 2025]
rule synthseg_t1w:
    input: /home/ian/GitHub/data/sub-HC131/ses-01/anat/sub-HC131_ses-01_run-1_T1w.nii.gz
    output: outputs/sub-HC131/ses-01/xfm/T1w_parcellation.nii.gz
    jobid: 6
    reason: Missing output files: outputs/sub-HC131/ses-01/xfm/T1w_parcellation.nii.gz
    threads: 4
    resources: tmpdir=/tmp

[Tue Mar  4 16:45:58 2025]
Finished job 11.
1 of 27 steps (4%) done
Select jobs to execute...

[Tue Mar  4 16:45:58 2025]
rule bias_field_correction:
    input: outputs/sub-HC131/ses-01/anat/FLAIR_hdbet.nii.gz, outputs/sub-HC131/ses-01/anat/FLAIR_hdbet_bet.nii.gz
    output: outputs/sub-HC131/ses-01/anat/sub-HC131_ses-01_desc-N4_FLAIR.nii.gz
    jobid: 10
    reason: Missing output files: outputs/sub-HC131/ses-01/anat/sub-HC131_ses-01_desc-N4_FLAIR.nii.gz; Input files updated by another job: outputs/sub-HC131/ses-01/anat/FLAIR_hdbet_bet.nii.gz, outputs/sub-HC131/ses-01/anat/FLAIR_hdbet.nii.gz
    wildcards: modality=FLAIR
    resources: tmpdir=/tmp

[Tue Mar  4 16:46:07 2025]
Finished job 4.
2 of 27 steps (7%) done
Select jobs to execute...

[Tue Mar  4 16:46:07 2025]
rule bias_field_correction:
    input: outputs/sub-HC131/ses-01/anat/T1w_hdbet.nii.gz, outputs/sub-HC131/ses-01/anat/T1w_hdbet_bet.nii.gz
    output: outputs/sub-HC131/ses-01/anat/sub-HC131_ses-01_desc-N4_T1w.nii.gz
    jobid: 3
    reason: Missing output files: outputs/sub-HC131/ses-01/anat/sub-HC131_ses-01_desc-N4_T1w.nii.gz; Input files updated by another job: outputs/sub-HC131/ses-01/anat/T1w_hdbet.nii.gz, outputs/sub-HC131/ses-01/anat/T1w_hdbet_bet.nii.gz
    wildcards: modality=T1w
    resources: tmpdir=/tmp

[Tue Mar  4 16:46:09 2025]
Finished job 10.
3 of 27 steps (11%) done
[Tue Mar  4 16:46:23 2025]
Finished job 3.
4 of 27 steps (15%) done
[Tue Mar  4 16:46:23 2025]
Finished job 21.
5 of 27 steps (19%) done
Select jobs to execute...

[Tue Mar  4 16:46:23 2025]
rule dwi_motion_correction:
    input: outputs/sub-HC131/ses-01/dwi/denoised_moving.nii.gz, /home/ian/GitHub/data/sub-HC131/ses-01/dwi/sub-HC131_ses-01_acq-b700-41_dir-AP_dwi.bval, /home/ian/GitHub/data/sub-HC131/ses-01/dwi/sub-HC131_ses-01_acq-b700-41_dir-AP_dwi.bvec
    output: outputs/sub-HC131/ses-01/dwi/moving_motion_corrected.nii.gz
    jobid: 20
    reason: Missing output files: outputs/sub-HC131/ses-01/dwi/moving_motion_corrected.nii.gz; Input files updated by another job: outputs/sub-HC131/ses-01/dwi/denoised_moving.nii.gz
    resources: tmpdir=/tmp

[Tue Mar  4 16:46:24 2025]
Finished job 6.
6 of 27 steps (22%) done
Select jobs to execute...

[Tue Mar  4 16:46:24 2025]
rule synthseg_flair:
    input: /home/ian/GitHub/data/sub-HC131/ses-01/anat/sub-HC131_ses-01_FLAIR.nii.gz, outputs/sub-HC131/ses-01/xfm/T1w_parcellation.nii.gz
    output: outputs/sub-HC131/ses-01/xfm/FLAIR_parcellation.nii.gz
    jobid: 13
    reason: Missing output files: outputs/sub-HC131/ses-01/xfm/FLAIR_parcellation.nii.gz; Input files updated by another job: outputs/sub-HC131/ses-01/xfm/T1w_parcellation.nii.gz
    threads: 4
    resources: tmpdir=/tmp


[Tue Mar  4 16:46:24 2025]
rule registration_mni152:
    input: outputs/sub-HC131/ses-01/xfm/T1w_parcellation.nii.gz, atlas/mni_icbm152_t1_tal_nlin_sym_09a_seg.nii
    output: outputs/sub-HC131/ses-01/xfm/sub-HC131_ses-01_T1w_space-MNI152.nii.gz, outputs/sub-HC131/ses-01/xfm/sub-HC131_ses-01_from-T1w_to-MNI152_fwdfield.nii.gz, outputs/sub-HC131/ses-01/xfm/sub-HC131_ses-01_from-T1w_to-MNI152_bakfield.nii.gz, outputs/sub-HC131/ses-01/xfm/sub-HC131_ses-01_from-T1w_to-MNI152_fwdaffine.mat, outputs/sub-HC131/ses-01/xfm/sub-HC131_ses-01_from-T1w_to-MNI152_bakaffine.mat
    jobid: 5
    reason: Missing output files: outputs/sub-HC131/ses-01/xfm/sub-HC131_ses-01_from-T1w_to-MNI152_fwdfield.nii.gz, outputs/sub-HC131/ses-01/xfm/sub-HC131_ses-01_from-T1w_to-MNI152_fwdaffine.mat; Input files updated by another job: outputs/sub-HC131/ses-01/xfm/T1w_parcellation.nii.gz
    resources: tmpdir=/tmp

[Tue Mar  4 16:46:43 2025]
Finished job 5.
7 of 27 steps (26%) done
Select jobs to execute...

[Tue Mar  4 16:46:43 2025]
rule apply_warp_to_mni:
    input: outputs/sub-HC131/ses-01/anat/sub-HC131_ses-01_desc-N4_T1w.nii.gz, outputs/sub-HC131/ses-01/xfm/sub-HC131_ses-01_from-T1w_to-MNI152_fwdfield.nii.gz, outputs/sub-HC131/ses-01/xfm/sub-HC131_ses-01_from-T1w_to-MNI152_fwdaffine.mat, atlas/mni_icbm152_t1_tal_nlin_sym_09a.nii
    output: outputs/sub-HC131/ses-01/anat/sub-HC131_ses-01_space-MNI152_T1w.nii.gz
    jobid: 2
    reason: Missing output files: outputs/sub-HC131/ses-01/anat/sub-HC131_ses-01_space-MNI152_T1w.nii.gz; Input files updated by another job: outputs/sub-HC131/ses-01/xfm/sub-HC131_ses-01_from-T1w_to-MNI152_fwdfield.nii.gz, outputs/sub-HC131/ses-01/xfm/sub-HC131_ses-01_from-T1w_to-MNI152_fwdaffine.mat, outputs/sub-HC131/ses-01/anat/sub-HC131_ses-01_desc-N4_T1w.nii.gz
    wildcards: modality=T1w
    resources: tmpdir=/tmp

[Tue Mar  4 16:46:45 2025]
Finished job 2.
8 of 27 steps (30%) done
Select jobs to execute...

[Tue Mar  4 16:46:45 2025]
rule calculate_metrics:
    input: outputs/sub-HC131/ses-01/anat/sub-HC131_ses-01_space-MNI152_T1w.nii.gz, atlas/mni_icbm152_t1_tal_nlin_sym_09a.nii
    output: outputs/sub-HC131/ses-01/metrics/T1w_sub-HC131_ses-01_jaccard.csv
    jobid: 14
    reason: Missing output files: outputs/sub-HC131/ses-01/metrics/T1w_sub-HC131_ses-01_jaccard.csv; Input files updated by another job: outputs/sub-HC131/ses-01/anat/sub-HC131_ses-01_space-MNI152_T1w.nii.gz
    wildcards: modality=T1w
    resources: tmpdir=/tmp


[Tue Mar  4 16:46:45 2025]
rule run_texture:
    input: outputs/sub-HC131/ses-01/anat/sub-HC131_ses-01_space-MNI152_T1w.nii.gz, atlas/mni_icbm152_t1_tal_nlin_sym_09a_mask.nii
    output: outputs/sub-HC131/ses-01/textures/sub-HC131_ses-01_T1w_textures_output_gradient_magnitude.nii, outputs/sub-HC131/ses-01/textures/sub-HC131_ses-01_T1w_textures_output_relative_intensity.nii
    jobid: 1
    reason: Missing output files: outputs/sub-HC131/ses-01/textures/sub-HC131_ses-01_T1w_textures_output_gradient_magnitude.nii, outputs/sub-HC131/ses-01/textures/sub-HC131_ses-01_T1w_textures_output_relative_intensity.nii; Input files updated by another job: outputs/sub-HC131/ses-01/anat/sub-HC131_ses-01_space-MNI152_T1w.nii.gz
    wildcards: modality=T1w
    resources: tmpdir=/tmp

[Tue Mar  4 16:47:08 2025]
Finished job 13.
9 of 27 steps (33%) done
Select jobs to execute...

[Tue Mar  4 16:47:08 2025]
rule registration_t1w:
    input: outputs/sub-HC131/ses-01/xfm/T1w_parcellation.nii.gz, outputs/sub-HC131/ses-01/xfm/FLAIR_parcellation.nii.gz
    output: outputs/sub-HC131/ses-01/xfm/sub-HC131_ses-01_FLAIR_space-T1w.nii.gz, outputs/sub-HC131/ses-01/xfm/sub-HC131_ses-01_from-FLAIR_to-T1w_fwdfield.nii.gz, outputs/sub-HC131/ses-01/xfm/sub-HC131_ses-01_from-FLAIR_to-T1w_bakfield.nii.gz, outputs/sub-HC131/ses-01/xfm/sub-HC131_ses-01_from-FLAIR_to-T1w_fwdaffine.mat, outputs/sub-HC131/ses-01/xfm/sub-HC131_ses-01_from-FLAIR_to-T1w_bakaffine.mat
    jobid: 12
    reason: Missing output files: outputs/sub-HC131/ses-01/xfm/sub-HC131_ses-01_from-FLAIR_to-T1w_fwdfield.nii.gz, outputs/sub-HC131/ses-01/xfm/sub-HC131_ses-01_from-FLAIR_to-T1w_fwdaffine.mat; Input files updated by another job: outputs/sub-HC131/ses-01/xfm/T1w_parcellation.nii.gz, outputs/sub-HC131/ses-01/xfm/FLAIR_parcellation.nii.gz
    resources: tmpdir=/tmp

[Tue Mar  4 16:47:13 2025]
Finished job 1.
10 of 27 steps (37%) done
[Tue Mar  4 16:47:29 2025]
Finished job 12.
11 of 27 steps (41%) done
Select jobs to execute...

[Tue Mar  4 16:47:29 2025]
rule apply_warp_flair_to_t1w:
    input: outputs/sub-HC131/ses-01/anat/sub-HC131_ses-01_desc-N4_FLAIR.nii.gz, outputs/sub-HC131/ses-01/xfm/sub-HC131_ses-01_from-FLAIR_to-T1w_fwdfield.nii.gz, outputs/sub-HC131/ses-01/xfm/sub-HC131_ses-01_from-FLAIR_to-T1w_fwdaffine.mat, outputs/sub-HC131/ses-01/anat/sub-HC131_ses-01_desc-N4_FLAIR.nii.gz
    output: outputs/sub-HC131/ses-01/anat/sub-HC131_ses-01_space-T1w_FLAIR.nii.gz
    jobid: 9
    reason: Missing output files: outputs/sub-HC131/ses-01/anat/sub-HC131_ses-01_space-T1w_FLAIR.nii.gz; Input files updated by another job: outputs/sub-HC131/ses-01/anat/sub-HC131_ses-01_desc-N4_FLAIR.nii.gz, outputs/sub-HC131/ses-01/xfm/sub-HC131_ses-01_from-FLAIR_to-T1w_fwdfield.nii.gz, outputs/sub-HC131/ses-01/xfm/sub-HC131_ses-01_from-FLAIR_to-T1w_fwdaffine.mat
    wildcards: modality=FLAIR
    resources: tmpdir=/tmp


[Tue Mar  4 16:47:29 2025]
rule apply_warp_flair_to_t1w:
    input: outputs/sub-HC131/ses-01/anat/sub-HC131_ses-01_desc-N4_T1w.nii.gz, outputs/sub-HC131/ses-01/xfm/sub-HC131_ses-01_from-FLAIR_to-T1w_fwdfield.nii.gz, outputs/sub-HC131/ses-01/xfm/sub-HC131_ses-01_from-FLAIR_to-T1w_fwdaffine.mat, outputs/sub-HC131/ses-01/anat/sub-HC131_ses-01_desc-N4_T1w.nii.gz
    output: outputs/sub-HC131/ses-01/anat/sub-HC131_ses-01_space-T1w_T1w.nii.gz
    jobid: 26
    reason: Missing output files: outputs/sub-HC131/ses-01/anat/sub-HC131_ses-01_space-T1w_T1w.nii.gz; Input files updated by another job: outputs/sub-HC131/ses-01/xfm/sub-HC131_ses-01_from-FLAIR_to-T1w_fwdfield.nii.gz, outputs/sub-HC131/ses-01/xfm/sub-HC131_ses-01_from-FLAIR_to-T1w_fwdaffine.mat, outputs/sub-HC131/ses-01/anat/sub-HC131_ses-01_desc-N4_T1w.nii.gz
    wildcards: modality=T1w
    resources: tmpdir=/tmp

[Tue Mar  4 16:47:31 2025]
Finished job 9.
12 of 27 steps (44%) done
Select jobs to execute...

[Tue Mar  4 16:47:31 2025]
rule apply_warp_to_mni:
    input: outputs/sub-HC131/ses-01/anat/sub-HC131_ses-01_space-T1w_FLAIR.nii.gz, outputs/sub-HC131/ses-01/xfm/sub-HC131_ses-01_from-T1w_to-MNI152_fwdfield.nii.gz, outputs/sub-HC131/ses-01/xfm/sub-HC131_ses-01_from-T1w_to-MNI152_fwdaffine.mat, atlas/mni_icbm152_t1_tal_nlin_sym_09a.nii
    output: outputs/sub-HC131/ses-01/anat/sub-HC131_ses-01_space-MNI152_FLAIR.nii.gz
    jobid: 8
    reason: Missing output files: outputs/sub-HC131/ses-01/anat/sub-HC131_ses-01_space-MNI152_FLAIR.nii.gz; Input files updated by another job: outputs/sub-HC131/ses-01/anat/sub-HC131_ses-01_space-T1w_FLAIR.nii.gz, outputs/sub-HC131/ses-01/xfm/sub-HC131_ses-01_from-T1w_to-MNI152_fwdaffine.mat, outputs/sub-HC131/ses-01/xfm/sub-HC131_ses-01_from-T1w_to-MNI152_fwdfield.nii.gz
    wildcards: modality=FLAIR
    resources: tmpdir=/tmp

[Tue Mar  4 16:47:32 2025]
Finished job 26.
13 of 27 steps (48%) done
[Tue Mar  4 16:47:33 2025]
Finished job 8.
14 of 27 steps (52%) done
Select jobs to execute...

[Tue Mar  4 16:47:33 2025]
rule run_texture:
    input: outputs/sub-HC131/ses-01/anat/sub-HC131_ses-01_space-MNI152_FLAIR.nii.gz, atlas/mni_icbm152_t1_tal_nlin_sym_09a_mask.nii
    output: outputs/sub-HC131/ses-01/textures/sub-HC131_ses-01_FLAIR_textures_output_gradient_magnitude.nii, outputs/sub-HC131/ses-01/textures/sub-HC131_ses-01_FLAIR_textures_output_relative_intensity.nii
    jobid: 7
    reason: Missing output files: outputs/sub-HC131/ses-01/textures/sub-HC131_ses-01_FLAIR_textures_output_relative_intensity.nii, outputs/sub-HC131/ses-01/textures/sub-HC131_ses-01_FLAIR_textures_output_gradient_magnitude.nii; Input files updated by another job: outputs/sub-HC131/ses-01/anat/sub-HC131_ses-01_space-MNI152_FLAIR.nii.gz
    wildcards: modality=FLAIR
    resources: tmpdir=/tmp


[Tue Mar  4 16:47:33 2025]
rule calculate_metrics:
    input: outputs/sub-HC131/ses-01/anat/sub-HC131_ses-01_space-MNI152_FLAIR.nii.gz, atlas/mni_icbm152_t1_tal_nlin_sym_09a.nii
    output: outputs/sub-HC131/ses-01/metrics/FLAIR_sub-HC131_ses-01_jaccard.csv
    jobid: 15
    reason: Missing output files: outputs/sub-HC131/ses-01/metrics/FLAIR_sub-HC131_ses-01_jaccard.csv; Input files updated by another job: outputs/sub-HC131/ses-01/anat/sub-HC131_ses-01_space-MNI152_FLAIR.nii.gz
    wildcards: modality=FLAIR
    resources: tmpdir=/tmp

[Tue Mar  4 16:47:53 2025]
Finished job 7.
15 of 27 steps (56%) done
[Tue Mar  4 16:47:54 2025]
Finished job 15.
16 of 27 steps (59%) done
[Tue Mar  4 16:48:10 2025]
Finished job 14.
17 of 27 steps (63%) done
[Tue Mar  4 16:48:24 2025]
Finished job 20.
18 of 27 steps (67%) done
Select jobs to execute...

[Tue Mar  4 16:48:24 2025]
rule dwi_topup:
    input: outputs/sub-HC131/ses-01/dwi/moving_motion_corrected.nii.gz, /home/ian/GitHub/data/sub-HC131/ses-01/dwi/sub-HC131_ses-01_dir-PA_dwi.nii.gz, /home/ian/GitHub/data/sub-HC131/ses-01/dwi/sub-HC131_ses-01_dir-PA_dwi.bval, /home/ian/GitHub/data/sub-HC131/ses-01/dwi/sub-HC131_ses-01_dir-PA_dwi.bvec
    output: outputs/sub-HC131/ses-01/xfm/topup-warp-EstFieldMap.nii.gz, outputs/sub-HC131/ses-01/xfm/corrected_image.nii.gz
    jobid: 22
    reason: Missing output files: outputs/sub-HC131/ses-01/xfm/topup-warp-EstFieldMap.nii.gz, outputs/sub-HC131/ses-01/xfm/corrected_image.nii.gz; Input files updated by another job: outputs/sub-HC131/ses-01/dwi/moving_motion_corrected.nii.gz
    resources: tmpdir=/tmp

[Tue Mar  4 16:48:33 2025]
Finished job 22.
19 of 27 steps (70%) done
Select jobs to execute...

[Tue Mar  4 16:48:33 2025]
rule dwi_skull_strip:
    input: outputs/sub-HC131/ses-01/xfm/corrected_image.nii.gz
    output: outputs/sub-HC131/ses-01/anat/DWI_hdbet.nii.gz, outputs/sub-HC131/ses-01/anat/DWI_hdbet_bet.nii.gz
    jobid: 23
    reason: Missing output files: outputs/sub-HC131/ses-01/anat/DWI_hdbet_bet.nii.gz; Input files updated by another job: outputs/sub-HC131/ses-01/xfm/corrected_image.nii.gz
    resources: tmpdir=/tmp


[Tue Mar  4 16:48:33 2025]
rule synthseg_dwi:
    input: outputs/sub-HC131/ses-01/xfm/corrected_image.nii.gz, outputs/sub-HC131/ses-01/xfm/FLAIR_parcellation.nii.gz
    output: outputs/sub-HC131/ses-01/xfm/DWI_parcellation.nii.gz
    jobid: 25
    reason: Missing output files: outputs/sub-HC131/ses-01/xfm/DWI_parcellation.nii.gz; Input files updated by another job: outputs/sub-HC131/ses-01/xfm/FLAIR_parcellation.nii.gz, outputs/sub-HC131/ses-01/xfm/corrected_image.nii.gz
    threads: 4
    resources: tmpdir=/tmp


[Tue Mar  4 16:48:33 2025]
rule dwi_apply_topup:
    input: outputs/sub-HC131/ses-01/dwi/moving_motion_corrected.nii.gz, outputs/sub-HC131/ses-01/xfm/topup-warp-EstFieldMap.nii.gz, /home/ian/GitHub/data/sub-HC131/ses-01/dwi/sub-HC131_ses-01_acq-b700-41_dir-AP_dwi.nii.gz
    output: outputs/sub-HC131/ses-01/xfm/topup_corrected.nii.gz
    jobid: 19
    reason: Missing output files: outputs/sub-HC131/ses-01/xfm/topup_corrected.nii.gz; Input files updated by another job: outputs/sub-HC131/ses-01/dwi/moving_motion_corrected.nii.gz, outputs/sub-HC131/ses-01/xfm/topup-warp-EstFieldMap.nii.gz
    resources: tmpdir=/tmp

[Tue Mar  4 16:48:53 2025]
Finished job 23.
20 of 27 steps (74%) done
[Tue Mar  4 16:48:55 2025]
Finished job 19.
21 of 27 steps (78%) done
Select jobs to execute...

[Tue Mar  4 16:48:55 2025]
rule dwi_bias_correction:
    input: outputs/sub-HC131/ses-01/xfm/topup_corrected.nii.gz, outputs/sub-HC131/ses-01/anat/DWI_hdbet_bet.nii.gz
    output: outputs/sub-HC131/ses-01/dwi/denoised_moving_corrected.nii.gz
    jobid: 18
    reason: Missing output files: outputs/sub-HC131/ses-01/dwi/denoised_moving_corrected.nii.gz; Input files updated by another job: outputs/sub-HC131/ses-01/xfm/topup_corrected.nii.gz, outputs/sub-HC131/ses-01/anat/DWI_hdbet_bet.nii.gz
    resources: tmpdir=/tmp

[Tue Mar  4 16:49:06 2025]
Finished job 25.
22 of 27 steps (81%) done
Select jobs to execute...

[Tue Mar  4 16:49:06 2025]
rule dwi_registration:
    input: outputs/sub-HC131/ses-01/xfm/DWI_parcellation.nii.gz, outputs/sub-HC131/ses-01/xfm/T1w_parcellation.nii.gz
    output: outputs/sub-HC131/ses-01/xfm/sub-HC131_ses-01_from-DWI_to-T1w_fwdfield.nii.gz, outputs/sub-HC131/ses-01/xfm/sub-HC131_ses-01_from-DWI_to-T1w_fwdaffine.mat, outputs/sub-HC131/ses-01/xfm/sub-HC131_ses-01_from-DWI_to-T1w_revfield.nii.gz, outputs/sub-HC131/ses-01/xfm/sub-HC131_ses-01_from-DWI_to-T1w_revaffine.mat
    jobid: 24
    reason: Missing output files: outputs/sub-HC131/ses-01/xfm/sub-HC131_ses-01_from-DWI_to-T1w_fwdfield.nii.gz, outputs/sub-HC131/ses-01/xfm/sub-HC131_ses-01_from-DWI_to-T1w_fwdaffine.mat; Input files updated by another job: outputs/sub-HC131/ses-01/xfm/T1w_parcellation.nii.gz, outputs/sub-HC131/ses-01/xfm/DWI_parcellation.nii.gz
    resources: tmpdir=/tmp

[Tue Mar  4 16:49:27 2025]
Finished job 24.
23 of 27 steps (85%) done
[Tue Mar  4 16:49:41 2025]
Finished job 18.
24 of 27 steps (89%) done
Select jobs to execute...

[Tue Mar  4 16:49:41 2025]
rule dwi_compute_fa_md:
    input: outputs/sub-HC131/ses-01/dwi/denoised_moving_corrected.nii.gz, outputs/sub-HC131/ses-01/xfm/corrected_image.nii.gz, /home/ian/GitHub/data/sub-HC131/ses-01/dwi/sub-HC131_ses-01_acq-b700-41_dir-AP_dwi.bval, /home/ian/GitHub/data/sub-HC131/ses-01/dwi/sub-HC131_ses-01_acq-b700-41_dir-AP_dwi.bvec
    output: outputs/sub-HC131/ses-01/metrics/fa_map.nii.gz, outputs/sub-HC131/ses-01/metrics/md_map.nii.gz
    jobid: 17
    reason: Missing output files: outputs/sub-HC131/ses-01/metrics/fa_map.nii.gz, outputs/sub-HC131/ses-01/metrics/md_map.nii.gz; Input files updated by another job: outputs/sub-HC131/ses-01/dwi/denoised_moving_corrected.nii.gz, outputs/sub-HC131/ses-01/xfm/corrected_image.nii.gz
    resources: tmpdir=/tmp

[Tue Mar  4 16:50:02 2025]
Finished job 17.
25 of 27 steps (93%) done
Select jobs to execute...

[Tue Mar  4 16:50:02 2025]
rule dwi_fa_md_registration:
    input: outputs/sub-HC131/ses-01/metrics/fa_map.nii.gz, outputs/sub-HC131/ses-01/metrics/md_map.nii.gz, outputs/sub-HC131/ses-01/anat/sub-HC131_ses-01_desc-N4_T1w.nii.gz, outputs/sub-HC131/ses-01/xfm/sub-HC131_ses-01_from-DWI_to-T1w_fwdaffine.mat, outputs/sub-HC131/ses-01/xfm/sub-HC131_ses-01_from-DWI_to-T1w_fwdfield.nii.gz
    output: outputs/sub-HC131/ses-01/metrics/fa_registered.nii.gz, outputs/sub-HC131/ses-01/metrics/md_registered.nii.gz
    jobid: 16
    reason: Missing output files: outputs/sub-HC131/ses-01/metrics/fa_registered.nii.gz, outputs/sub-HC131/ses-01/metrics/md_registered.nii.gz; Input files updated by another job: outputs/sub-HC131/ses-01/metrics/fa_map.nii.gz, outputs/sub-HC131/ses-01/xfm/sub-HC131_ses-01_from-DWI_to-T1w_fwdfield.nii.gz, outputs/sub-HC131/ses-01/metrics/md_map.nii.gz, outputs/sub-HC131/ses-01/xfm/sub-HC131_ses-01_from-DWI_to-T1w_fwdaffine.mat, outputs/sub-HC131/ses-01/anat/sub-HC131_ses-01_desc-N4_T1w.nii.gz
    resources: tmpdir=/tmp

[Tue Mar  4 16:50:05 2025]
Finished job 16.
26 of 27 steps (96%) done
Select jobs to execute...

[Tue Mar  4 16:50:05 2025]
localrule all:
    input: outputs/sub-HC131/ses-01/textures/sub-HC131_ses-01_T1w_textures_output_gradient_magnitude.nii, outputs/sub-HC131/ses-01/textures/sub-HC131_ses-01_T1w_textures_output_relative_intensity.nii, outputs/sub-HC131/ses-01/textures/sub-HC131_ses-01_FLAIR_textures_output_gradient_magnitude.nii, outputs/sub-HC131/ses-01/textures/sub-HC131_ses-01_FLAIR_textures_output_relative_intensity.nii, outputs/sub-HC131/ses-01/metrics/T1w_sub-HC131_ses-01_jaccard.csv, outputs/sub-HC131/ses-01/metrics/FLAIR_sub-HC131_ses-01_jaccard.csv, outputs/sub-HC131/ses-01/metrics/fa_registered.nii.gz, outputs/sub-HC131/ses-01/metrics/md_registered.nii.gz, outputs/sub-HC131/ses-01/anat/sub-HC131_ses-01_space-T1w_T1w.nii.gz, outputs/sub-HC131/ses-01/anat/sub-HC131_ses-01_space-T1w_FLAIR.nii.gz
    jobid: 0
    reason: Input files updated by another job: outputs/sub-HC131/ses-01/anat/sub-HC131_ses-01_space-T1w_FLAIR.nii.gz, outputs/sub-HC131/ses-01/textures/sub-HC131_ses-01_FLAIR_textures_output_relative_intensity.nii, outputs/sub-HC131/ses-01/metrics/md_registered.nii.gz, outputs/sub-HC131/ses-01/metrics/fa_registered.nii.gz, outputs/sub-HC131/ses-01/textures/sub-HC131_ses-01_FLAIR_textures_output_gradient_magnitude.nii, outputs/sub-HC131/ses-01/anat/sub-HC131_ses-01_space-T1w_T1w.nii.gz, outputs/sub-HC131/ses-01/metrics/FLAIR_sub-HC131_ses-01_jaccard.csv, outputs/sub-HC131/ses-01/textures/sub-HC131_ses-01_T1w_textures_output_relative_intensity.nii, outputs/sub-HC131/ses-01/textures/sub-HC131_ses-01_T1w_textures_output_gradient_magnitude.nii, outputs/sub-HC131/ses-01/metrics/T1w_sub-HC131_ses-01_jaccard.csv
    resources: tmpdir=/tmp

[Tue Mar  4 16:50:05 2025]
Finished job 0.
27 of 27 steps (100%) done
Complete log: .snakemake/log/2025-03-04T164530.853441.snakemake.log
