Building DAG of jobs...
Using shell: /usr/bin/bash
Provided cores: 24
Rules claiming more threads will be scaled down.
Conda environments: ignored
Job stats:
job                       count
----------------------  -------
all                           1
dwi_compute_fa_md             1
dwi_fa_md_registration        1
dwi_registration              1
total                         4

Select jobs to execute...

[Tue Mar  4 16:41:45 2025]
rule dwi_registration:
    input: outputs/sub-HC131/ses-01/xfm/DWI_parcellation.nii.gz, outputs/sub-HC131/ses-01/xfm/T1w_parcellation.nii.gz
    output: outputs/sub-HC131/ses-01/xfm/sub-HC131_ses-01_from-DWI_to-T1w_fwdfield.nii.gz, outputs/sub-HC131/ses-01/xfm/sub-HC131_ses-01_from-DWI_to-T1w_fwdaffine.mat, outputs/sub-HC131/ses-01/xfm/sub-HC131_ses-01_from-DWI_to-T1w_revfield.nii.gz, outputs/sub-HC131/ses-01/xfm/sub-HC131_ses-01_from-DWI_to-T1w_revaffine.mat
    jobid: 24
    reason: Missing output files: outputs/sub-HC131/ses-01/xfm/sub-HC131_ses-01_from-DWI_to-T1w_fwdaffine.mat, outputs/sub-HC131/ses-01/xfm/sub-HC131_ses-01_from-DWI_to-T1w_fwdfield.nii.gz
    resources: tmpdir=/tmp


[Tue Mar  4 16:41:45 2025]
rule dwi_compute_fa_md:
    input: outputs/sub-HC131/ses-01/dwi/denoised_moving_corrected.nii.gz, outputs/sub-HC131/ses-01/xfm/corrected_image.nii.gz, /home/ian/GitHub/data/sub-HC131/ses-01/dwi/sub-HC131_ses-01_acq-b700-41_dir-AP_dwi.bval, /home/ian/GitHub/data/sub-HC131/ses-01/dwi/sub-HC131_ses-01_acq-b700-41_dir-AP_dwi.bvec
    output: outputs/sub-HC131/ses-01/metrics/fa_map.nii.gz, outputs/sub-HC131/ses-01/metrics/md_map.nii.gz
    jobid: 17
    reason: Missing output files: outputs/sub-HC131/ses-01/metrics/md_map.nii.gz, outputs/sub-HC131/ses-01/metrics/fa_map.nii.gz
    resources: tmpdir=/tmp

[Tue Mar  4 16:42:03 2025]
Finished job 24.
1 of 4 steps (25%) done
Waiting at most 5 seconds for missing files.
MissingOutputException in rule dwi_compute_fa_md in file /home/ian/GitHub/micaflow2.0/Snakefile, line 362:
Job 17  completed successfully, but some output files are missing. Missing files after 5 seconds. This might be due to filesystem latency. If that is the case, consider to increase the wait time with --latency-wait:
outputs/sub-HC131/ses-01/metrics/fa_map.nii.gz
outputs/sub-HC131/ses-01/metrics/md_map.nii.gz
Shutting down, this might take some time.
Exiting because a job execution failed. Look above for error message
Complete log: .snakemake/log/2025-03-04T164145.735487.snakemake.log
