Building DAG of jobs...
Using shell: /usr/bin/bash
Provided cores: 24
Rules claiming more threads will be scaled down.
Conda environments: ignored
Job stats:
job                       count
----------------------  -------
all                           1
dwi_compute_fa_md             1
dwi_fa_md_registration        1
total                         3

Select jobs to execute...

[Tue Mar  4 16:44:04 2025]
rule dwi_compute_fa_md:
    input: outputs/sub-HC131/ses-01/dwi/denoised_moving_corrected.nii.gz, outputs/sub-HC131/ses-01/xfm/corrected_image.nii.gz, /home/ian/GitHub/data/sub-HC131/ses-01/dwi/sub-HC131_ses-01_acq-b700-41_dir-AP_dwi.bval, /home/ian/GitHub/data/sub-HC131/ses-01/dwi/sub-HC131_ses-01_acq-b700-41_dir-AP_dwi.bvec
    output: outputs/sub-HC131/ses-01/metrics/fa_map.nii.gz, outputs/sub-HC131/ses-01/metrics/md_map.nii.gz
    jobid: 17
    reason: Missing output files: outputs/sub-HC131/ses-01/metrics/fa_map.nii.gz, outputs/sub-HC131/ses-01/metrics/md_map.nii.gz
    resources: tmpdir=/tmp

[Tue Mar  4 16:44:04 2025]
Error in rule dwi_compute_fa_md:
    jobid: 17
    input: outputs/sub-HC131/ses-01/dwi/denoised_moving_corrected.nii.gz, outputs/sub-HC131/ses-01/xfm/corrected_image.nii.gz, /home/ian/GitHub/data/sub-HC131/ses-01/dwi/sub-HC131_ses-01_acq-b700-41_dir-AP_dwi.bval, /home/ian/GitHub/data/sub-HC131/ses-01/dwi/sub-HC131_ses-01_acq-b700-41_dir-AP_dwi.bvec
    output: outputs/sub-HC131/ses-01/metrics/fa_map.nii.gz, outputs/sub-HC131/ses-01/metrics/md_map.nii.gz
    conda-env: /home/ian/GitHub/micaflow2.0/.snakemake/conda/349fd313c69886c6d99e5ce9c37a90c0_
    shell:
        
            python3 scripts/dwi_compute_fa_md.py                 --bias_corr outputs/sub-HC131/ses-01/dwi/denoised_moving_corrected.nii.gz                 --mask outputs/sub-HC131/ses-01/xfm/corrected_image.nii.gz                 --bval /home/ian/GitHub/data/sub-HC131/ses-01/dwi/sub-HC131_ses-01_acq-b700-41_dir-AP_dwi.bval                 --bvec /home/ian/GitHub/data/sub-HC131/ses-01/dwi/sub-HC131_ses-01_acq-b700-41_dir-AP_dwi.bvec                 --fa outputs/sub-HC131/ses-01/metrics/fa_map.nii.gz                 --md outputs/sub-HC131/ses-01/metrics/md_map.nii.gz
            
        (one of the commands exited with non-zero exit code; note that snakemake uses bash strict mode!)

Shutting down, this might take some time.
Exiting because a job execution failed. Look above for error message
Complete log: .snakemake/log/2025-03-04T164404.220626.snakemake.log
