Building DAG of jobs...
Using shell: /usr/bin/bash
Provided cores: 4
Rules claiming more threads will be scaled down.
Conda environments: ignored
Job stats:
job                        count
-----------------------  -------
all                            1
apply_warp_flair_to_t1w        2
apply_warp_to_mni              2
bias_field_correction          2
calculate_metrics              2
dwi_apply_topup                1
dwi_bias_correction            1
dwi_compute_fa_md              1
dwi_fa_md_registration         1
dwi_motion_correction          1
dwi_registration               1
dwi_skull_strip                1
dwi_topup                      1
registration_mni152            1
registration_t1w               1
run_texture                    2
skull_strip                    2
synthseg_dwi                   1
synthseg_flair                 1
synthseg_t1w                   1
total                         26

Select jobs to execute...

[Tue Mar  4 15:28:58 2025]
rule dwi_motion_correction:
    input: outputs/sub-HC131/ses-01/dwi/denoised_moving.nii.gz, /home/ian/GitHub/data/sub-HC131/ses-01/dwi/sub-HC131_ses-01_acq-b700-41_dir-AP_dwi.bval, /home/ian/GitHub/data/sub-HC131/ses-01/dwi/sub-HC131_ses-01_acq-b700-41_dir-AP_dwi.bvec
    output: outputs/sub-HC131/ses-01/dwi/moving_motion_corrected.nii.gz
    jobid: 20
    reason: Missing output files: outputs/sub-HC131/ses-01/dwi/moving_motion_corrected.nii.gz
    resources: tmpdir=/tmp


[Tue Mar  4 15:28:58 2025]
rule skull_strip:
    input: /home/ian/GitHub/data/sub-HC131/ses-01/anat/sub-HC131_ses-01_FLAIR.nii.gz
    output: outputs/FLAIR_hdbet.nii.gz, outputs/FLAIR_hdbet_bet.nii.gz
    jobid: 11
    reason: Missing output files: outputs/FLAIR_hdbet_bet.nii.gz, outputs/FLAIR_hdbet.nii.gz
    wildcards: modality=FLAIR
    resources: tmpdir=/tmp, skull_strip_jobs=1


[Tue Mar  4 15:28:58 2025]
rule skull_strip:
    input: /home/ian/GitHub/data/sub-HC131/ses-01/anat/sub-HC131_ses-01_run-1_T1w.nii.gz
    output: outputs/T1w_hdbet.nii.gz, outputs/T1w_hdbet_bet.nii.gz
    jobid: 4
    reason: Missing output files: outputs/T1w_hdbet_bet.nii.gz, outputs/T1w_hdbet.nii.gz
    wildcards: modality=T1w
    resources: tmpdir=/tmp, skull_strip_jobs=1

Waiting at most 5 seconds for missing files.
Terminating processes on user request, this might take some time.
Cancelling snakemake on user request.
